生成启动时间为 2017/6/2 11:10:59。
     1>项目“F:\VS_Program\LibMgr\KZLib\KZLib.vcxproj”在节点 2 上(build 个目标)。
     1>PrepareForBuild:
         正在创建目录“F:\VS_Program\LibMgr\Debug\”。
       InitializeBuildStatus:
         正在创建“Debug\KZLib.unsuccessfulbuild”，因为已指定“AlwaysCreate”。
       ClCompile:
         e:\Microsoft Visual Studio 10.0\VC\bin\CL.exe /c /ZI /nologo /W3 /WX- /Od /Oy- /D WIN32 /D _WINDOWS /D _DEBUG /D _UNICODE /D UNICODE /D _AFXDLL /Gm /EHsc /RTC1 /MDd /GS /fp:precise /Zc:wchar_t /Zc:forScope /Yc"StdAfx.h" /Fp"Debug\KZLib.pch" /Fo"Debug\\" /Fd"Debug\vc100.pdb" /Gd /TP /analyze- /errorReport:prompt stdafx.cpp
         stdafx.cpp
         e:\Microsoft Visual Studio 10.0\VC\bin\CL.exe /c /ZI /nologo /W3 /WX- /Od /Oy- /D WIN32 /D _WINDOWS /D _DEBUG /D _UNICODE /D UNICODE /D _AFXDLL /Gm /EHsc /RTC1 /MDd /GS /fp:precise /Zc:wchar_t /Zc:forScope /Yu"StdAfx.h" /Fp"Debug\KZLib.pch" /Fo"Debug\\" /Fd"Debug\vc100.pdb" /Gd /TP /analyze- /errorReport:prompt BookInfo.cpp BookInfoInputDlg.cpp BookMgr.cpp KZLib.cpp KZLibDlg.cpp LendMgr.cpp LendRec.cpp LendRecInfoDlg.cpp LendRecInputDlg.cpp ReaderInfo.cpp ReaderInfoInputDlg.cpp ReaderMgr.cpp
         ReaderMgr.cpp
         ReaderInfoInputDlg.cpp
         ReaderInfo.cpp
         LendRecInputDlg.cpp
     1>f:\vs_program\libmgr\kzlib\lendrecinputdlg.cpp(82): warning C4244: “=”: 从“__time64_t”转换到“UINT”，可能丢失数据
         LendRecInfoDlg.cpp
     1>f:\vs_program\libmgr\kzlib\lendrecinfodlg.cpp(57): warning C4244: “初始化”: 从“__time64_t”转换到“int”，可能丢失数据
         LendRec.cpp
         LendMgr.cpp
         KZLibDlg.cpp
         KZLib.cpp
         BookMgr.cpp
         BookInfoInputDlg.cpp
         BookInfo.cpp
         正在生成代码...
       ResourceCompile:
         C:\Program Files (x86)\Microsoft SDKs\Windows\v7.0A\bin\rc.exe /D _DEBUG /D _UNICODE /D UNICODE /D _AFXDLL /l"0x0804" /IDebug\ /nologo /fo"Debug\KZLib.res" KZLib.rc 
       ManifestResourceCompile:
         C:\Program Files (x86)\Microsoft SDKs\Windows\v7.0A\bin\rc.exe /nologo /fo"Debug\KZLib.exe.embed.manifest.res" Debug\KZLib_manifest.rc 
       Link:
         e:\Microsoft Visual Studio 10.0\VC\bin\link.exe /ERRORREPORT:PROMPT /OUT:"F:\VS_Program\LibMgr\Debug\KZLib.exe" /INCREMENTAL /NOLOGO /MANIFEST /ManifestFile:"Debug\KZLib.exe.intermediate.manifest" /MANIFESTUAC:"level='asInvoker' uiAccess='false'" /DEBUG /PDB:"F:\VS_Program\LibMgr\Debug\KZLib.pdb" /SUBSYSTEM:WINDOWS /TLBID:1 /ENTRY:"wWinMainCRTStartup" /DYNAMICBASE /NXCOMPAT /IMPLIB:"F:\VS_Program\LibMgr\Debug\KZLib.lib" /MACHINE:X86 Debug\KZLib.res
         Debug\KZLib.exe.embed.manifest.res
         Debug\BookInfo.obj
         Debug\BookInfoInputDlg.obj
         Debug\BookMgr.obj
         Debug\KZLib.obj
         Debug\KZLibDlg.obj
         Debug\LendMgr.obj
         Debug\LendRec.obj
         Debug\LendRecInfoDlg.obj
         Debug\LendRecInputDlg.obj
         Debug\ReaderInfo.obj
         Debug\ReaderInfoInputDlg.obj
         Debug\ReaderMgr.obj
         Debug\stdafx.obj
       Manifest:
         C:\Program Files (x86)\Microsoft SDKs\Windows\v7.0A\bin\mt.exe /nologo /verbose /out:"Debug\KZLib.exe.embed.manifest" /manifest Debug\KZLib.exe.intermediate.manifest "e:\Microsoft Visual Studio 10.0\VC\Include\Manifest\dpiaware.manifest"
         C:\Program Files (x86)\Microsoft SDKs\Windows\v7.0A\bin\rc.exe /nologo /fo"Debug\KZLib.exe.embed.manifest.res" Debug\KZLib_manifest.rc 
       LinkEmbedManifest:
         e:\Microsoft Visual Studio 10.0\VC\bin\link.exe /ERRORREPORT:PROMPT /OUT:"F:\VS_Program\LibMgr\Debug\KZLib.exe" /INCREMENTAL /NOLOGO /MANIFEST /ManifestFile:"Debug\KZLib.exe.intermediate.manifest" /MANIFESTUAC:"level='asInvoker' uiAccess='false'" /DEBUG /PDB:"F:\VS_Program\LibMgr\Debug\KZLib.pdb" /SUBSYSTEM:WINDOWS /TLBID:1 /ENTRY:"wWinMainCRTStartup" /DYNAMICBASE /NXCOMPAT /IMPLIB:"F:\VS_Program\LibMgr\Debug\KZLib.lib" /MACHINE:X86 Debug\KZLib.res
         Debug\KZLib.exe.embed.manifest.res
         Debug\BookInfo.obj
         Debug\BookInfoInputDlg.obj
         Debug\BookMgr.obj
         Debug\KZLib.obj
         Debug\KZLibDlg.obj
         Debug\LendMgr.obj
         Debug\LendRec.obj
         Debug\LendRecInfoDlg.obj
         Debug\LendRecInputDlg.obj
         Debug\ReaderInfo.obj
         Debug\ReaderInfoInputDlg.obj
         Debug\ReaderMgr.obj
         Debug\stdafx.obj
         KZLib.vcxproj -> F:\VS_Program\LibMgr\Debug\KZLib.exe
       FinalizeBuildStatus:
         正在删除文件“Debug\KZLib.unsuccessfulbuild”。
         正在对“Debug\KZLib.lastbuildstate”执行 Touch 任务。
     1>已完成生成项目“F:\VS_Program\LibMgr\KZLib\KZLib.vcxproj”(build 个目标)的操作。

生成成功。

已用时间 00:00:10.45
